mktextfm PGaramond
mktextfm PGaramond
mktextfm PGaramond
mktextfm PGaramond/BI
mktextfm PGaramond
mktextfm PGaramond/B
mktextfm PGaramond
mktextfm PGaramond/I
mktextfm PGaramond
mktextfm PGaramond
mktextfm PGaramond
mktextfm PGaramond
mktextfm PGaramond
mktextfm PGaramond/BI
mktextfm PGaramond
mktextfm PGaramond/B
mktextfm PGaramond
mktextfm PGaramond/I
mktextfm PGaramond
mktextfm PGaramond
mktextfm IranNastaliq
mktextfm IranNastaliq
mktextfm IranNastaliq
mktextfm IranNastaliq/BI
mktextfm IranNastaliq
mktextfm IranNastaliq/B
mktextfm IranNastaliq
mktextfm IranNastaliq/I
mktextfm IranNastaliq
mktextfm IranNastaliq
mktextfm PGaramond
mktextfm PGaramond
mktextfm PGaramond
mktextfm PGaramond
mktextfm PGaramond
mktextfm PGaramond
mktextfm PGaramond
mktextfm IranNastaliq
mktextfm IranNastaliq
mktextfm PGaramond
mktextfm PGaramond
mktextfm PGaramond
mktextfm PGaramond
mktextfm PGaramond
mktextfm PGaramond
mktextfm PGaramond
mktextfm PGaramond
mktextfm PGaramond
mktextfm PGaramond
mktextfm PGaramond
mktextfm PGaramond
mktextfm PGaramond
mktextfm PGaramond
mktextfm PGaramond
mktextfm PGaramond
mktextfm PGaramond
mktextfm PGaramond
mktextfm PGaramond
mktextfm PGaramond
mktextfm PGaramond
